<?xml version="1.0" encoding="UTF-8"?>
<!-- Generated by org.testng.reporters.JUnitXMLReporter -->
<testsuite ignored="0" hostname="OSXs-MacBook-Pro.local" failures="0" tests="3" name="Default test" time="472.321" errors="0" timestamp="2020-04-12T10:42:01 CEST">
  <testcase classname="myStore.test.RegistrationTest" name="testGoToRegPage" time="16.256"/>
  <testcase classname="myStore.test.RegistrationTest" name="testCustomerRegistration" time="11.979"/>
  <testcase classname="myStore.test.RegistrationTest" name="registrationTestGroup30" time="441.657"/>
</testsuite> <!-- Default test -->
