<?xml version="1.0" encoding="UTF-8"?>
<!-- Generated by org.testng.reporters.JUnitXMLReporter -->
<testsuite ignored="0" hostname="OSXs-MacBook-Pro.local" failures="0" tests="3" name="Home Test" time="18.849" errors="0" timestamp="2020-04-12T11:04:08 CEST">
  <testcase classname="myStore.test.HomeTest" name="testWomenSubmenu" time="6.419"/>
  <testcase classname="myStore.test.HomeTest" name="testDressesSubmenu" time="2.641"/>
  <testcase classname="myStore.test.HomeTest" name="testFinalUrl" time="6.709"/>
</testsuite> <!-- Home Test -->
